<?xml version="1.0" encoding="UTF-8"?>
<!-- Generated by org.testng.reporters.JUnitReportReporter -->
<testsuite skipped="0" hostname="DESKTOP-O6MA943" name="Amazon.Webtesting1.LoginTest" tests="1" failures="0" timestamp="2023-03-05T09:44:48 IST" time="25.857" errors="0">
  <testcase name="login" time="25.857" classname="Amazon.Webtesting1.LoginTest"/>
  <system-out/>
</testsuite> <!-- Amazon.Webtesting1.LoginTest -->
